<?xml version="1.0" encoding="UTF-8"?>
<!-- Generated by org.testng.reporters.JUnitXMLReporter -->
<testsuite ignored="1" hostname="Jatinj" failures="0" tests="1" name="Default test" time="2.14" errors="0" timestamp="2021-10-30T17:14:46 IST">
  <testcase classname="Shaadi.com.Assignment.CommunityTest" name="csv" time="0.051"/>
  <testcase classname="Shaadi.com.Assignment.CommunityTest" name="VerifyCommunityTest" time="0.0">
    <ignored/>
  </testcase> <!-- VerifyCommunityTest -->
</testsuite> <!-- Default test -->
